# JRE version: OpenJDK Runtime Environment Temurin-21.0.6+7 (21.0.6+7) (build 21.0.6+7-LTS)
# Java VM: OpenJDK 64-Bit Server VM Temurin-21.0.6+7 (21.0.6+7-LTS, mixed mode, sharing, tiered, compressed oops, compressed class ptrs, parallel gc, windows-amd64)
GC Precious Log:
 CardTable entry size: 512
 CPUs: 4 total, 4 available
 Memory: 3930M
 Large Page Support: Disabled
 NUMA Support: Disabled
 Compressed Oops: Enabled (32-bit)
 Alignments: Space 512K, Generation 512K, Heap 2M
 Heap Min Capacity: 100M
 Heap Initial Capacity: 100M
 Heap Max Capacity: 1G
 Pre-touch: Disabled
 Parallel Workers: 4
Heap:
 PSYoungGen      total 17920K, used 13319K [0x00000000eab00000, 0x00000000ebe00000, 0x0000000100000000)
  eden space 16896K, 78% used [0x00000000eab00000,0x00000000eb801cd8,0x00000000ebb80000)
  from space 1024K, 0% used [0x00000000ebd00000,0x00000000ebd00000,0x00000000ebe00000)
  to   space 1024K, 0% used [0x00000000ebc00000,0x00000000ebc00000,0x00000000ebd00000)
 ParOldGen       total 92160K, used 52499K [0x00000000c0000000, 0x00000000c5a00000, 0x00000000eab00000)
  object space 92160K, 56% used [0x00000000c0000000,0x00000000c3344db0,0x00000000c5a00000)
 Metaspace       used 59423K, committed 60864K, reserved 1114112K
  class space    used 6201K, committed 6848K, reserved 1048576K
GC Heap History (20 events):
Event: 52.360 GC heap before
{Heap before GC invocations=34 (full 2):
 PSYoungGen      total 22016K, used 21952K [0x00000000eab00000, 0x00000000ec300000, 0x0000000100000000)
  eden space 19456K, 100% used [0x00000000eab00000,0x00000000ebe00000,0x00000000ebe00000)
  from space 2560K, 97% used [0x00000000ebe00000,0x00000000ec070000,0x00000000ec080000)
  to   space 2560K, 0% used [0x00000000ec080000,0x00000000ec080000,0x00000000ec300000)
 ParOldGen       total 68608K, used 49247K [0x00000000c0000000, 0x00000000c4300000, 0x00000000eab00000)
  object space 68608K, 71% used [0x00000000c0000000,0x00000000c3017cf8,0x00000000c4300000)
 Metaspace       used 55225K, committed 56576K, reserved 1114112K
  class space    used 5782K, committed 6400K, reserved 1048576K
}
Event: 52.373 GC heap after
{Heap after GC invocations=34 (full 2):
 PSYoungGen      total 22016K, used 1913K [0x00000000eab00000, 0x00000000ec300000, 0x0000000100000000)
  eden space 19456K, 0% used [0x00000000eab00000,0x00000000eab00000,0x00000000ebe00000)
  from space 2560K, 74% used [0x00000000ec080000,0x00000000ec25e550,0x00000000ec300000)
  to   space 2560K, 0% used [0x00000000ebe00000,0x00000000ebe00000,0x00000000ec080000)
 ParOldGen       total 68608K, used 51608K [0x00000000c0000000, 0x00000000c4300000, 0x00000000eab00000)
  object space 68608K, 75% used [0x00000000c0000000,0x00000000c32661a8,0x00000000c4300000)
 Metaspace       used 55225K, committed 56576K, reserved 1114112K
  class space    used 5782K, committed 6400K, reserved 1048576K
}
Event: 53.678 GC heap before
{Heap before GC invocations=35 (full 2):
 PSYoungGen      total 22016K, used 21369K [0x00000000eab00000, 0x00000000ec300000, 0x0000000100000000)
  eden space 19456K, 100% used [0x00000000eab00000,0x00000000ebe00000,0x00000000ebe00000)
  from space 2560K, 74% used [0x00000000ec080000,0x00000000ec25e550,0x00000000ec300000)
  to   space 2560K, 0% used [0x00000000ebe00000,0x00000000ebe00000,0x00000000ec080000)
 ParOldGen       total 68608K, used 51608K [0x00000000c0000000, 0x00000000c4300000, 0x00000000eab00000)
  object space 68608K, 75% used [0x00000000c0000000,0x00000000c32661a8,0x00000000c4300000)
 Metaspace       used 55401K, committed 56704K, reserved 1114112K
  class space    used 5783K, committed 6400K, reserved 1048576K
}
Event: 53.683 GC heap after
{Heap after GC invocations=35 (full 2):
 PSYoungGen      total 21504K, used 1885K [0x00000000eab00000, 0x00000000ec200000, 0x0000000100000000)
  eden space 19456K, 0% used [0x00000000eab00000,0x00000000eab00000,0x00000000ebe00000)
  from space 2048K, 92% used [0x00000000ebe00000,0x00000000ebfd76c8,0x00000000ec000000)
  to   space 2048K, 0% used [0x00000000ec000000,0x00000000ec000000,0x00000000ec200000)
 ParOldGen       total 68608K, used 53340K [0x00000000c0000000, 0x00000000c4300000, 0x00000000eab00000)
  object space 68608K, 77% used [0x00000000c0000000,0x00000000c34171b0,0x00000000c4300000)
 Metaspace       used 55401K, committed 56704K, reserved 1114112K
  class space    used 5783K, committed 6400K, reserved 1048576K
}
Event: 54.139 GC heap before
{Heap before GC invocations=36 (full 2):
 PSYoungGen      total 21504K, used 21341K [0x00000000eab00000, 0x00000000ec200000, 0x0000000100000000)
  eden space 19456K, 100% used [0x00000000eab00000,0x00000000ebe00000,0x00000000ebe00000)
  from space 2048K, 92% used [0x00000000ebe00000,0x00000000ebfd76c8,0x00000000ec000000)
  to   space 2048K, 0% used [0x00000000ec000000,0x00000000ec000000,0x00000000ec200000)
 ParOldGen       total 68608K, used 53340K [0x00000000c0000000, 0x00000000c4300000, 0x00000000eab00000)
  object space 68608K, 77% used [0x00000000c0000000,0x00000000c34171b0,0x00000000c4300000)
 Metaspace       used 55760K, committed 57152K, reserved 1114112K
  class space    used 5823K, committed 6464K, reserved 1048576K
}
Event: 54.145 GC heap after
{Heap after GC invocations=36 (full 2):
 PSYoungGen      total 18944K, used 2037K [0x00000000eab00000, 0x00000000ec700000, 0x0000000100000000)
  eden space 16896K, 0% used [0x00000000eab00000,0x00000000eab00000,0x00000000ebb80000)
  from space 2048K, 99% used [0x00000000ec000000,0x00000000ec1fd738,0x00000000ec200000)
  to   space 4608K, 0% used [0x00000000ebb80000,0x00000000ebb80000,0x00000000ec000000)
 ParOldGen       total 68608K, used 55220K [0x00000000c0000000, 0x00000000c4300000, 0x00000000eab00000)
  object space 68608K, 80% used [0x00000000c0000000,0x00000000c35ed368,0x00000000c4300000)
 Metaspace       used 55760K, committed 57152K, reserved 1114112K
  class space    used 5823K, committed 6464K, reserved 1048576K
}
Event: 54.429 GC heap before
{Heap before GC invocations=37 (full 2):
 PSYoungGen      total 18944K, used 18933K [0x00000000eab00000, 0x00000000ec700000, 0x0000000100000000)
  eden space 16896K, 100% used [0x00000000eab00000,0x00000000ebb80000,0x00000000ebb80000)
  from space 2048K, 99% used [0x00000000ec000000,0x00000000ec1fd738,0x00000000ec200000)
  to   space 4608K, 0% used [0x00000000ebb80000,0x00000000ebb80000,0x00000000ec000000)
 ParOldGen       total 68608K, used 55220K [0x00000000c0000000, 0x00000000c4300000, 0x00000000eab00000)
  object space 68608K, 80% used [0x00000000c0000000,0x00000000c35ed368,0x00000000c4300000)
 Metaspace       used 55913K, committed 57280K, reserved 1114112K
  class space    used 5824K, committed 6464K, reserved 1048576K
}
Event: 54.434 GC heap after
{Heap after GC invocations=37 (full 2):
 PSYoungGen      total 18432K, used 1087K [0x00000000eab00000, 0x00000000ec080000, 0x0000000100000000)
  eden space 16896K, 0% used [0x00000000eab00000,0x00000000eab00000,0x00000000ebb80000)
  from space 1536K, 70% used [0x00000000ebb80000,0x00000000ebc8fca8,0x00000000ebd00000)
  to   space 2560K, 0% used [0x00000000ebe00000,0x00000000ebe00000,0x00000000ec080000)
 ParOldGen       total 68608K, used 57004K [0x00000000c0000000, 0x00000000c4300000, 0x00000000eab00000)
  object space 68608K, 83% used [0x00000000c0000000,0x00000000c37ab0b8,0x00000000c4300000)
 Metaspace       used 55913K, committed 57280K, reserved 1114112K
  class space    used 5824K, committed 6464K, reserved 1048576K
}
Event: 55.139 GC heap before
{Heap before GC invocations=38 (full 2):
 PSYoungGen      total 18432K, used 17983K [0x00000000eab00000, 0x00000000ec080000, 0x0000000100000000)
  eden space 16896K, 100% used [0x00000000eab00000,0x00000000ebb80000,0x00000000ebb80000)
  from space 1536K, 70% used [0x00000000ebb80000,0x00000000ebc8fca8,0x00000000ebd00000)
  to   space 2560K, 0% used [0x00000000ebe00000,0x00000000ebe00000,0x00000000ec080000)
 ParOldGen       total 68608K, used 57004K [0x00000000c0000000, 0x00000000c4300000, 0x00000000eab00000)
  object space 68608K, 83% used [0x00000000c0000000,0x00000000c37ab0b8,0x00000000c4300000)
 Metaspace       used 56375K, committed 57728K, reserved 1114112K
  class space    used 5879K, committed 6528K, reserved 1048576K
}
Event: 55.144 GC heap after
{Heap after GC invocations=38 (full 2):
 PSYoungGen      total 19456K, used 2177K [0x00000000eab00000, 0x00000000ec080000, 0x0000000100000000)
  eden space 16896K, 0% used [0x00000000eab00000,0x00000000eab00000,0x00000000ebb80000)
  from space 2560K, 85% used [0x00000000ebe00000,0x00000000ec0206a0,0x00000000ec080000)
  to   space 2560K, 0% used [0x00000000ebb80000,0x00000000ebb80000,0x00000000ebe00000)
 ParOldGen       total 68608K, used 57820K [0x00000000c0000000, 0x00000000c4300000, 0x00000000eab00000)
  object space 68608K, 84% used [0x00000000c0000000,0x00000000c3877038,0x00000000c4300000)
 Metaspace       used 56375K, committed 57728K, reserved 1114112K
  class space    used 5879K, committed 6528K, reserved 1048576K
}
Event: 55.757 GC heap before
{Heap before GC invocations=39 (full 2):
 PSYoungGen      total 19456K, used 19073K [0x00000000eab00000, 0x00000000ec080000, 0x0000000100000000)
  eden space 16896K, 100% used [0x00000000eab00000,0x00000000ebb80000,0x00000000ebb80000)
  from space 2560K, 85% used [0x00000000ebe00000,0x00000000ec0206a0,0x00000000ec080000)
  to   space 2560K, 0% used [0x00000000ebb80000,0x00000000ebb80000,0x00000000ebe00000)
 ParOldGen       total 68608K, used 57820K [0x00000000c0000000, 0x00000000c4300000, 0x00000000eab00000)
  object space 68608K, 84% used [0x00000000c0000000,0x00000000c3877038,0x00000000c4300000)
 Metaspace       used 56835K, committed 58304K, reserved 1114112K
  class space    used 5930K, committed 6592K, reserved 1048576K
}
Event: 55.761 GC heap after
{Heap after GC invocations=39 (full 2):
 PSYoungGen      total 18432K, used 1408K [0x00000000eab00000, 0x00000000ebf80000, 0x0000000100000000)
  eden space 16896K, 0% used [0x00000000eab00000,0x00000000eab00000,0x00000000ebb80000)
  from space 1536K, 91% used [0x00000000ebb80000,0x00000000ebce0000,0x00000000ebd00000)
  to   space 2048K, 0% used [0x00000000ebd80000,0x00000000ebd80000,0x00000000ebf80000)
 ParOldGen       total 68608K, used 59728K [0x00000000c0000000, 0x00000000c4300000, 0x00000000eab00000)
  object space 68608K, 87% used [0x00000000c0000000,0x00000000c3a54158,0x00000000c4300000)
 Metaspace       used 56835K, committed 58304K, reserved 1114112K
  class space    used 5930K, committed 6592K, reserved 1048576K
}
Event: 56.057 GC heap before
{Heap before GC invocations=40 (full 2):
 PSYoungGen      total 18432K, used 10725K [0x00000000eab00000, 0x00000000ebf80000, 0x0000000100000000)
  eden space 16896K, 55% used [0x00000000eab00000,0x00000000eb419690,0x00000000ebb80000)
  from space 1536K, 91% used [0x00000000ebb80000,0x00000000ebce0000,0x00000000ebd00000)
  to   space 2048K, 0% used [0x00000000ebd80000,0x00000000ebd80000,0x00000000ebf80000)
 ParOldGen       total 68608K, used 59728K [0x00000000c0000000, 0x00000000c4300000, 0x00000000eab00000)
  object space 68608K, 87% used [0x00000000c0000000,0x00000000c3a54158,0x00000000c4300000)
 Metaspace       used 57352K, committed 58816K, reserved 1114112K
  class space    used 5986K, committed 6656K, reserved 1048576K
}
Event: 56.062 GC heap after
{Heap after GC invocations=40 (full 2):
 PSYoungGen      total 18432K, used 1134K [0x00000000eab00000, 0x00000000ebf00000, 0x0000000100000000)
  eden space 16896K, 0% used [0x00000000eab00000,0x00000000eab00000,0x00000000ebb80000)
  from space 1536K, 73% used [0x00000000ebd80000,0x00000000ebe9bb90,0x00000000ebf00000)
  to   space 1536K, 0% used [0x00000000ebb80000,0x00000000ebb80000,0x00000000ebd00000)
 ParOldGen       total 68608K, used 61054K [0x00000000c0000000, 0x00000000c4300000, 0x00000000eab00000)
  object space 68608K, 88% used [0x00000000c0000000,0x00000000c3b9f830,0x00000000c4300000)
 Metaspace       used 57352K, committed 58816K, reserved 1114112K
  class space    used 5986K, committed 6656K, reserved 1048576K
}
Event: 56.956 GC heap before
{Heap before GC invocations=41 (full 2):
 PSYoungGen      total 18432K, used 18030K [0x00000000eab00000, 0x00000000ebf00000, 0x0000000100000000)
  eden space 16896K, 100% used [0x00000000eab00000,0x00000000ebb80000,0x00000000ebb80000)
  from space 1536K, 73% used [0x00000000ebd80000,0x00000000ebe9bb90,0x00000000ebf00000)
  to   space 1536K, 0% used [0x00000000ebb80000,0x00000000ebb80000,0x00000000ebd00000)
 ParOldGen       total 92160K, used 84094K [0x00000000c0000000, 0x00000000c5a00000, 0x00000000eab00000)
  object space 92160K, 91% used [0x00000000c0000000,0x00000000c521f850,0x00000000c5a00000)
 Metaspace       used 57973K, committed 59328K, reserved 1114112K
  class space    used 6047K, committed 6656K, reserved 1048576K
}
Event: 56.959 GC heap after
{Heap after GC invocations=41 (full 2):
 PSYoungGen      total 18432K, used 828K [0x00000000eab00000, 0x00000000ebe00000, 0x0000000100000000)
  eden space 16896K, 0% used [0x00000000eab00000,0x00000000eab00000,0x00000000ebb80000)
  from space 1536K, 53% used [0x00000000ebb80000,0x00000000ebc4f1b0,0x00000000ebd00000)
  to   space 1024K, 0% used [0x00000000ebd00000,0x00000000ebd00000,0x00000000ebe00000)
 ParOldGen       total 92160K, used 85048K [0x00000000c0000000, 0x00000000c5a00000, 0x00000000eab00000)
  object space 92160K, 92% used [0x00000000c0000000,0x00000000c530e0d0,0x00000000c5a00000)
 Metaspace       used 57973K, committed 59328K, reserved 1114112K
  class space    used 6047K, committed 6656K, reserved 1048576K
}
Event: 57.306 GC heap before
{Heap before GC invocations=42 (full 2):
 PSYoungGen      total 18432K, used 7433K [0x00000000eab00000, 0x00000000ebe00000, 0x0000000100000000)
  eden space 16896K, 39% used [0x00000000eab00000,0x00000000eb173618,0x00000000ebb80000)
  from space 1536K, 53% used [0x00000000ebb80000,0x00000000ebc4f1b0,0x00000000ebd00000)
  to   space 1024K, 0% used [0x00000000ebd00000,0x00000000ebd00000,0x00000000ebe00000)
 ParOldGen       total 92160K, used 85048K [0x00000000c0000000, 0x00000000c5a00000, 0x00000000eab00000)
  object space 92160K, 92% used [0x00000000c0000000,0x00000000c530e0d0,0x00000000c5a00000)
 Metaspace       used 58408K, committed 59776K, reserved 1114112K
  class space    used 6099K, committed 6720K, reserved 1048576K
}
Event: 57.309 GC heap after
{Heap after GC invocations=42 (full 2):
 PSYoungGen      total 17920K, used 981K [0x00000000eab00000, 0x00000000ebe00000, 0x0000000100000000)
  eden space 16896K, 0% used [0x00000000eab00000,0x00000000eab00000,0x00000000ebb80000)
  from space 1024K, 95% used [0x00000000ebd00000,0x00000000ebdf5600,0x00000000ebe00000)
  to   space 1024K, 0% used [0x00000000ebc00000,0x00000000ebc00000,0x00000000ebd00000)
 ParOldGen       total 92160K, used 85808K [0x00000000c0000000, 0x00000000c5a00000, 0x00000000eab00000)
  object space 92160K, 93% used [0x00000000c0000000,0x00000000c53cc158,0x00000000c5a00000)
 Metaspace       used 58408K, committed 59776K, reserved 1114112K
  class space    used 6099K, committed 6720K, reserved 1048576K
}
Event: 57.309 GC heap before
{Heap before GC invocations=43 (full 3):
 PSYoungGen      total 17920K, used 981K [0x00000000eab00000, 0x00000000ebe00000, 0x0000000100000000)
  eden space 16896K, 0% used [0x00000000eab00000,0x00000000eab00000,0x00000000ebb80000)
  from space 1024K, 95% used [0x00000000ebd00000,0x00000000ebdf5600,0x00000000ebe00000)
  to   space 1024K, 0% used [0x00000000ebc00000,0x00000000ebc00000,0x00000000ebd00000)
 ParOldGen       total 92160K, used 85808K [0x00000000c0000000, 0x00000000c5a00000, 0x00000000eab00000)
  object space 92160K, 93% used [0x00000000c0000000,0x00000000c53cc158,0x00000000c5a00000)
 Metaspace       used 58408K, committed 59776K, reserved 1114112K
  class space    used 6099K, committed 6720K, reserved 1048576K
}
Event: 57.662 GC heap after
{Heap after GC invocations=43 (full 3):
 PSYoungGen      total 17920K, used 0K [0x00000000eab00000, 0x00000000ebe00000, 0x0000000100000000)
  eden space 16896K, 0% used [0x00000000eab00000,0x00000000eab00000,0x00000000ebb80000)
  from space 1024K, 0% used [0x00000000ebd00000,0x00000000ebd00000,0x00000000ebe00000)
  to   space 1024K, 0% used [0x00000000ebc00000,0x00000000ebc00000,0x00000000ebd00000)
 ParOldGen       total 92160K, used 52499K [0x00000000c0000000, 0x00000000c5a00000, 0x00000000eab00000)
  object space 92160K, 56% used [0x00000000c0000000,0x00000000c3344db0,0x00000000c5a00000)
 Metaspace       used 58408K, committed 59776K, reserved 1114112K
  class space    used 6099K, committed 6720K, reserved 1048576K
}

