# JRE version: OpenJDK Runtime Environment Temurin-21.0.6+7 (21.0.6+7) (build 21.0.6+7-LTS)
# Java VM: OpenJDK 64-Bit Server VM Temurin-21.0.6+7 (21.0.6+7-LTS, mixed mode, sharing, tiered, compressed oops, compressed class ptrs, parallel gc, windows-amd64)
GC Precious Log:
 CardTable entry size: 512
 CPUs: 4 total, 4 available
 Memory: 3930M
 Large Page Support: Disabled
 NUMA Support: Disabled
 Compressed Oops: Enabled (32-bit)
 Alignments: Space 512K, Generation 512K, Heap 2M
 Heap Min Capacity: 100M
 Heap Initial Capacity: 100M
 Heap Max Capacity: 1G
 Pre-touch: Disabled
 Parallel Workers: 4
Heap:
 PSYoungGen      total 19968K, used 2652K [0x00000000eab00000, 0x00000000ec000000, 0x0000000100000000)
  eden space 19456K, 11% used [0x00000000eab00000,0x00000000ead37358,0x00000000ebe00000)
  from space 512K, 75% used [0x00000000ebf80000,0x00000000ebfe0000,0x00000000ec000000)
  to   space 1024K, 0% used [0x00000000ebe00000,0x00000000ebe00000,0x00000000ebf00000)
 ParOldGen       total 68608K, used 40388K [0x00000000c0000000, 0x00000000c4300000, 0x00000000eab00000)
  object space 68608K, 58% used [0x00000000c0000000,0x00000000c2771348,0x00000000c4300000)
 Metaspace       used 62030K, committed 63488K, reserved 1114112K
  class space    used 6405K, committed 7040K, reserved 1048576K
GC Heap History (20 events):
Event: 65.797 GC heap before
{Heap before GC invocations=30 (full 2):
 PSYoungGen      total 20480K, used 20448K [0x00000000eab00000, 0x00000000ec380000, 0x0000000100000000)
  eden space 19456K, 100% used [0x00000000eab00000,0x00000000ebe00000,0x00000000ebe00000)
  from space 1024K, 96% used [0x00000000ec200000,0x00000000ec2f8010,0x00000000ec300000)
  to   space 512K, 0% used [0x00000000ec300000,0x00000000ec300000,0x00000000ec380000)
 ParOldGen       total 68608K, used 40356K [0x00000000c0000000, 0x00000000c4300000, 0x00000000eab00000)
  object space 68608K, 58% used [0x00000000c0000000,0x00000000c2769210,0x00000000c4300000)
 Metaspace       used 56283K, committed 57600K, reserved 1114112K
  class space    used 5862K, committed 6464K, reserved 1048576K
}
Event: 65.802 GC heap after
{Heap after GC invocations=30 (full 2):
 PSYoungGen      total 19968K, used 512K [0x00000000eab00000, 0x00000000ec380000, 0x0000000100000000)
  eden space 19456K, 0% used [0x00000000eab00000,0x00000000eab00000,0x00000000ebe00000)
  from space 512K, 100% used [0x00000000ec300000,0x00000000ec380000,0x00000000ec380000)
  to   space 2560K, 0% used [0x00000000ebe80000,0x00000000ebe80000,0x00000000ec100000)
 ParOldGen       total 68608K, used 42106K [0x00000000c0000000, 0x00000000c4300000, 0x00000000eab00000)
  object space 68608K, 61% used [0x00000000c0000000,0x00000000c291e968,0x00000000c4300000)
 Metaspace       used 56283K, committed 57600K, reserved 1114112K
  class space    used 5862K, committed 6464K, reserved 1048576K
}
Event: 66.554 GC heap before
{Heap before GC invocations=31 (full 2):
 PSYoungGen      total 19968K, used 19965K [0x00000000eab00000, 0x00000000ec380000, 0x0000000100000000)
  eden space 19456K, 99% used [0x00000000eab00000,0x00000000ebdff5b8,0x00000000ebe00000)
  from space 512K, 100% used [0x00000000ec300000,0x00000000ec380000,0x00000000ec380000)
  to   space 2560K, 0% used [0x00000000ebe80000,0x00000000ebe80000,0x00000000ec100000)
 ParOldGen       total 68608K, used 42106K [0x00000000c0000000, 0x00000000c4300000, 0x00000000eab00000)
  object space 68608K, 61% used [0x00000000c0000000,0x00000000c291e968,0x00000000c4300000)
 Metaspace       used 56663K, committed 57920K, reserved 1114112K
  class space    used 5891K, committed 6464K, reserved 1048576K
}
Event: 66.558 GC heap after
{Heap after GC invocations=31 (full 2):
 PSYoungGen      total 22016K, used 1946K [0x00000000eab00000, 0x00000000ec380000, 0x0000000100000000)
  eden space 19456K, 0% used [0x00000000eab00000,0x00000000eab00000,0x00000000ebe00000)
  from space 2560K, 76% used [0x00000000ebe80000,0x00000000ec066a60,0x00000000ec100000)
  to   space 2560K, 0% used [0x00000000ec100000,0x00000000ec100000,0x00000000ec380000)
 ParOldGen       total 68608K, used 42614K [0x00000000c0000000, 0x00000000c4300000, 0x00000000eab00000)
  object space 68608K, 62% used [0x00000000c0000000,0x00000000c299d978,0x00000000c4300000)
 Metaspace       used 56663K, committed 57920K, reserved 1114112K
  class space    used 5891K, committed 6464K, reserved 1048576K
}
Event: 68.914 GC heap before
{Heap before GC invocations=32 (full 2):
 PSYoungGen      total 22016K, used 21402K [0x00000000eab00000, 0x00000000ec380000, 0x0000000100000000)
  eden space 19456K, 100% used [0x00000000eab00000,0x00000000ebe00000,0x00000000ebe00000)
  from space 2560K, 76% used [0x00000000ebe80000,0x00000000ec066a60,0x00000000ec100000)
  to   space 2560K, 0% used [0x00000000ec100000,0x00000000ec100000,0x00000000ec380000)
 ParOldGen       total 68608K, used 42614K [0x00000000c0000000, 0x00000000c4300000, 0x00000000eab00000)
  object space 68608K, 62% used [0x00000000c0000000,0x00000000c299d978,0x00000000c4300000)
 Metaspace       used 57319K, committed 58560K, reserved 1114112K
  class space    used 5949K, committed 6528K, reserved 1048576K
}
Event: 68.918 GC heap after
{Heap after GC invocations=32 (full 2):
 PSYoungGen      total 20992K, used 1488K [0x00000000eab00000, 0x00000000ec280000, 0x0000000100000000)
  eden space 19456K, 0% used [0x00000000eab00000,0x00000000eab00000,0x00000000ebe00000)
  from space 1536K, 96% used [0x00000000ec100000,0x00000000ec274010,0x00000000ec280000)
  to   space 2048K, 0% used [0x00000000ebe80000,0x00000000ebe80000,0x00000000ec080000)
 ParOldGen       total 68608K, used 44012K [0x00000000c0000000, 0x00000000c4300000, 0x00000000eab00000)
  object space 68608K, 64% used [0x00000000c0000000,0x00000000c2afb0e8,0x00000000c4300000)
 Metaspace       used 57319K, committed 58560K, reserved 1114112K
  class space    used 5949K, committed 6528K, reserved 1048576K
}
Event: 71.852 GC heap before
{Heap before GC invocations=33 (full 2):
 PSYoungGen      total 20992K, used 20944K [0x00000000eab00000, 0x00000000ec280000, 0x0000000100000000)
  eden space 19456K, 100% used [0x00000000eab00000,0x00000000ebe00000,0x00000000ebe00000)
  from space 1536K, 96% used [0x00000000ec100000,0x00000000ec274010,0x00000000ec280000)
  to   space 2048K, 0% used [0x00000000ebe80000,0x00000000ebe80000,0x00000000ec080000)
 ParOldGen       total 68608K, used 44012K [0x00000000c0000000, 0x00000000c4300000, 0x00000000eab00000)
  object space 68608K, 64% used [0x00000000c0000000,0x00000000c2afb0e8,0x00000000c4300000)
 Metaspace       used 58007K, committed 59328K, reserved 1114112K
  class space    used 6014K, committed 6592K, reserved 1048576K
}
Event: 71.855 GC heap after
{Heap after GC invocations=33 (full 2):
 PSYoungGen      total 21504K, used 1539K [0x00000000eab00000, 0x00000000ec200000, 0x0000000100000000)
  eden space 19456K, 0% used [0x00000000eab00000,0x00000000eab00000,0x00000000ebe00000)
  from space 2048K, 75% used [0x00000000ebe80000,0x00000000ec000c10,0x00000000ec080000)
  to   space 1536K, 0% used [0x00000000ec080000,0x00000000ec080000,0x00000000ec200000)
 ParOldGen       total 68608K, used 45228K [0x00000000c0000000, 0x00000000c4300000, 0x00000000eab00000)
  object space 68608K, 65% used [0x00000000c0000000,0x00000000c2c2b0e8,0x00000000c4300000)
 Metaspace       used 58007K, committed 59328K, reserved 1114112K
  class space    used 6014K, committed 6592K, reserved 1048576K
}
Event: 72.538 GC heap before
{Heap before GC invocations=34 (full 2):
 PSYoungGen      total 21504K, used 18165K [0x00000000eab00000, 0x00000000ec200000, 0x0000000100000000)
  eden space 19456K, 85% used [0x00000000eab00000,0x00000000ebb3cad0,0x00000000ebe00000)
  from space 2048K, 75% used [0x00000000ebe80000,0x00000000ec000c10,0x00000000ec080000)
  to   space 1536K, 0% used [0x00000000ec080000,0x00000000ec080000,0x00000000ec200000)
 ParOldGen       total 68608K, used 45228K [0x00000000c0000000, 0x00000000c4300000, 0x00000000eab00000)
  object space 68608K, 65% used [0x00000000c0000000,0x00000000c2c2b0e8,0x00000000c4300000)
 Metaspace       used 58460K, committed 59776K, reserved 1114112K
  class space    used 6064K, committed 6656K, reserved 1048576K
}
Event: 72.542 GC heap after
{Heap after GC invocations=34 (full 2):
 PSYoungGen      total 20992K, used 1248K [0x00000000eab00000, 0x00000000ec200000, 0x0000000100000000)
  eden space 19456K, 0% used [0x00000000eab00000,0x00000000eab00000,0x00000000ebe00000)
  from space 1536K, 81% used [0x00000000ec080000,0x00000000ec1b8020,0x00000000ec200000)
  to   space 1536K, 0% used [0x00000000ebf00000,0x00000000ebf00000,0x00000000ec080000)
 ParOldGen       total 68608K, used 47432K [0x00000000c0000000, 0x00000000c4300000, 0x00000000eab00000)
  object space 68608K, 69% used [0x00000000c0000000,0x00000000c2e52140,0x00000000c4300000)
 Metaspace       used 58460K, committed 59776K, reserved 1114112K
  class space    used 6064K, committed 6656K, reserved 1048576K
}
Event: 72.542 GC heap before
{Heap before GC invocations=35 (full 3):
 PSYoungGen      total 20992K, used 1248K [0x00000000eab00000, 0x00000000ec200000, 0x0000000100000000)
  eden space 19456K, 0% used [0x00000000eab00000,0x00000000eab00000,0x00000000ebe00000)
  from space 1536K, 81% used [0x00000000ec080000,0x00000000ec1b8020,0x00000000ec200000)
  to   space 1536K, 0% used [0x00000000ebf00000,0x00000000ebf00000,0x00000000ec080000)
 ParOldGen       total 68608K, used 47432K [0x00000000c0000000, 0x00000000c4300000, 0x00000000eab00000)
  object space 68608K, 69% used [0x00000000c0000000,0x00000000c2e52140,0x00000000c4300000)
 Metaspace       used 58460K, committed 59776K, reserved 1114112K
  class space    used 6064K, committed 6656K, reserved 1048576K
}
Event: 72.650 GC heap after
{Heap after GC invocations=35 (full 3):
 PSYoungGen      total 20992K, used 0K [0x00000000eab00000, 0x00000000ec200000, 0x0000000100000000)
  eden space 19456K, 0% used [0x00000000eab00000,0x00000000eab00000,0x00000000ebe00000)
  from space 1536K, 0% used [0x00000000ec080000,0x00000000ec080000,0x00000000ec200000)
  to   space 1536K, 0% used [0x00000000ebf00000,0x00000000ebf00000,0x00000000ec080000)
 ParOldGen       total 68608K, used 33306K [0x00000000c0000000, 0x00000000c4300000, 0x00000000eab00000)
  object space 68608K, 48% used [0x00000000c0000000,0x00000000c2086920,0x00000000c4300000)
 Metaspace       used 58460K, committed 59776K, reserved 1114112K
  class space    used 6064K, committed 6656K, reserved 1048576K
}
Event: 73.323 GC heap before
{Heap before GC invocations=36 (full 3):
 PSYoungGen      total 20992K, used 19456K [0x00000000eab00000, 0x00000000ec200000, 0x0000000100000000)
  eden space 19456K, 100% used [0x00000000eab00000,0x00000000ebe00000,0x00000000ebe00000)
  from space 1536K, 0% used [0x00000000ec080000,0x00000000ec080000,0x00000000ec200000)
  to   space 1536K, 0% used [0x00000000ebf00000,0x00000000ebf00000,0x00000000ec080000)
 ParOldGen       total 68608K, used 33306K [0x00000000c0000000, 0x00000000c4300000, 0x00000000eab00000)
  object space 68608K, 48% used [0x00000000c0000000,0x00000000c2086920,0x00000000c4300000)
 Metaspace       used 59520K, committed 60928K, reserved 1114112K
  class space    used 6158K, committed 6720K, reserved 1048576K
}
Event: 73.326 GC heap after
{Heap after GC invocations=36 (full 3):
 PSYoungGen      total 20992K, used 1473K [0x00000000eab00000, 0x00000000ec100000, 0x0000000100000000)
  eden space 19456K, 0% used [0x00000000eab00000,0x00000000eab00000,0x00000000ebe00000)
  from space 1536K, 95% used [0x00000000ebf00000,0x00000000ec070438,0x00000000ec080000)
  to   space 512K, 0% used [0x00000000ec080000,0x00000000ec080000,0x00000000ec100000)
 ParOldGen       total 68608K, used 34095K [0x00000000c0000000, 0x00000000c4300000, 0x00000000eab00000)
  object space 68608K, 49% used [0x00000000c0000000,0x00000000c214be30,0x00000000c4300000)
 Metaspace       used 59520K, committed 60928K, reserved 1114112K
  class space    used 6158K, committed 6720K, reserved 1048576K
}
Event: 73.855 GC heap before
{Heap before GC invocations=37 (full 3):
 PSYoungGen      total 20992K, used 20929K [0x00000000eab00000, 0x00000000ec100000, 0x0000000100000000)
  eden space 19456K, 99% used [0x00000000eab00000,0x00000000ebdffff8,0x00000000ebe00000)
  from space 1536K, 95% used [0x00000000ebf00000,0x00000000ec070438,0x00000000ec080000)
  to   space 512K, 0% used [0x00000000ec080000,0x00000000ec080000,0x00000000ec100000)
 ParOldGen       total 68608K, used 34095K [0x00000000c0000000, 0x00000000c4300000, 0x00000000eab00000)
  object space 68608K, 49% used [0x00000000c0000000,0x00000000c214be30,0x00000000c4300000)
 Metaspace       used 61079K, committed 62464K, reserved 1114112K
  class space    used 6341K, committed 6912K, reserved 1048576K
}
Event: 73.857 GC heap after
{Heap after GC invocations=37 (full 3):
 PSYoungGen      total 19968K, used 504K [0x00000000eab00000, 0x00000000ec300000, 0x0000000100000000)
  eden space 19456K, 0% used [0x00000000eab00000,0x00000000eab00000,0x00000000ebe00000)
  from space 512K, 98% used [0x00000000ec080000,0x00000000ec0fe1c8,0x00000000ec100000)
  to   space 2560K, 0% used [0x00000000ebe00000,0x00000000ebe00000,0x00000000ec080000)
 ParOldGen       total 68608K, used 35593K [0x00000000c0000000, 0x00000000c4300000, 0x00000000eab00000)
  object space 68608K, 51% used [0x00000000c0000000,0x00000000c22c2698,0x00000000c4300000)
 Metaspace       used 61079K, committed 62464K, reserved 1114112K
  class space    used 6341K, committed 6912K, reserved 1048576K
}
Event: 74.201 GC heap before
{Heap before GC invocations=38 (full 3):
 PSYoungGen      total 19968K, used 19960K [0x00000000eab00000, 0x00000000ec300000, 0x0000000100000000)
  eden space 19456K, 99% used [0x00000000eab00000,0x00000000ebdfff98,0x00000000ebe00000)
  from space 512K, 98% used [0x00000000ec080000,0x00000000ec0fe1c8,0x00000000ec100000)
  to   space 2560K, 0% used [0x00000000ebe00000,0x00000000ebe00000,0x00000000ec080000)
 ParOldGen       total 68608K, used 35593K [0x00000000c0000000, 0x00000000c4300000, 0x00000000eab00000)
  object space 68608K, 51% used [0x00000000c0000000,0x00000000c22c2698,0x00000000c4300000)
 Metaspace       used 61342K, committed 62848K, reserved 1114112K
  class space    used 6356K, committed 6976K, reserved 1048576K
}
Event: 74.205 GC heap after
{Heap after GC invocations=38 (full 3):
 PSYoungGen      total 20992K, used 1232K [0x00000000eab00000, 0x00000000ec100000, 0x0000000100000000)
  eden space 19456K, 0% used [0x00000000eab00000,0x00000000eab00000,0x00000000ebe00000)
  from space 1536K, 80% used [0x00000000ebe00000,0x00000000ebf34010,0x00000000ebf80000)
  to   space 1536K, 0% used [0x00000000ebf80000,0x00000000ebf80000,0x00000000ec100000)
 ParOldGen       total 68608K, used 36092K [0x00000000c0000000, 0x00000000c4300000, 0x00000000eab00000)
  object space 68608K, 52% used [0x00000000c0000000,0x00000000c233f128,0x00000000c4300000)
 Metaspace       used 61342K, committed 62848K, reserved 1114112K
  class space    used 6356K, committed 6976K, reserved 1048576K
}
Event: 77.356 GC heap before
{Heap before GC invocations=39 (full 3):
 PSYoungGen      total 20992K, used 20688K [0x00000000eab00000, 0x00000000ec100000, 0x0000000100000000)
  eden space 19456K, 100% used [0x00000000eab00000,0x00000000ebe00000,0x00000000ebe00000)
  from space 1536K, 80% used [0x00000000ebe00000,0x00000000ebf34010,0x00000000ebf80000)
  to   space 1536K, 0% used [0x00000000ebf80000,0x00000000ebf80000,0x00000000ec100000)
 ParOldGen       total 68608K, used 36092K [0x00000000c0000000, 0x00000000c4300000, 0x00000000eab00000)
  object space 68608K, 52% used [0x00000000c0000000,0x00000000c233f128,0x00000000c4300000)
 Metaspace       used 61933K, committed 63360K, reserved 1114112K
  class space    used 6400K, committed 6976K, reserved 1048576K
}
Event: 77.360 GC heap after
{Heap after GC invocations=39 (full 3):
 PSYoungGen      total 20992K, used 1511K [0x00000000eab00000, 0x00000000ec100000, 0x0000000100000000)
  eden space 19456K, 0% used [0x00000000eab00000,0x00000000eab00000,0x00000000ebe00000)
  from space 1536K, 98% used [0x00000000ebf80000,0x00000000ec0f9db0,0x00000000ec100000)
  to   space 1536K, 0% used [0x00000000ebe00000,0x00000000ebe00000,0x00000000ebf80000)
 ParOldGen       total 68608K, used 37977K [0x00000000c0000000, 0x00000000c4300000, 0x00000000eab00000)
  object space 68608K, 55% used [0x00000000c0000000,0x00000000c25167f0,0x00000000c4300000)
 Metaspace       used 61933K, committed 63360K, reserved 1114112K
  class space    used 6400K, committed 6976K, reserved 1048576K
}

